TN:
SF:script/CointToss.s.sol
DA:10,0
FN:10,CoinTossScript.setUp
FNDA:0,CoinTossScript.setUp
DA:12,0
FN:12,CoinTossScript.run
FNDA:0,CoinTossScript.run
DA:13,0
DA:15,0
DA:20,0
FNF:2
FNH:0
LF:5
LH:0
BRF:0
BRH:0
end_of_record
TN:
SF:src/CoinToss.sol
DA:82,288
FN:82,CoinToss.constructor
FNDA:288,CoinToss.constructor
DA:83,288
BRDA:83,0,0,1
BRDA:83,0,1,287
DA:85,287
DA:86,287
DA:88,287
DA:94,287
BRDA:94,1,0,-
BRDA:94,1,1,286
DA:96,286
DA:109,537
FN:109,CoinToss.joinGame
FNDA:537,CoinToss.joinGame
DA:110,537
DA:112,537
BRDA:112,2,0,-
BRDA:112,2,1,537
DA:113,537
BRDA:113,3,0,1
BRDA:113,3,1,536
DA:114,536
BRDA:114,4,0,3
BRDA:114,4,1,533
DA:115,533
BRDA:115,5,0,-
BRDA:115,5,1,533
DA:120,533
DA:122,533
DA:127,533
DA:143,271
FN:143,CoinToss.tossCoin
FNDA:271,CoinToss.tossCoin
DA:144,271
DA:146,271
BRDA:146,6,0,2
BRDA:146,6,1,269
DA:147,269
BRDA:147,7,0,-
BRDA:147,7,1,269
DA:148,269
BRDA:148,8,0,1
BRDA:148,8,1,268
DA:149,268
BRDA:149,9,0,1
BRDA:149,9,1,267
DA:150,267
BRDA:150,10,0,-
BRDA:150,10,1,267
DA:151,267
BRDA:151,11,0,1
BRDA:151,11,1,266
DA:154,266
DA:156,266
DA:160,266
DA:162,266
DA:163,266
DA:164,266
DA:166,266
DA:193,266
FN:193,CoinToss.sourceOfRandomness
FNDA:266,CoinToss.sourceOfRandomness
DA:194,266
DA:195,266
DA:209,267
FN:209,CoinToss.getGameDetails
FNDA:267,CoinToss.getGameDetails
DA:210,267
DA:221,516
FN:221,CoinToss.getPlayerDetails
FNDA:516,CoinToss.getPlayerDetails
DA:222,516
FNF:6
FNH:6
LF:38
LH:38
BRF:24
BRH:19
end_of_record
TN:
SF:src/randomness/RandomnessManagerV1.sol
DA:81,1
FN:81,RandomnessManagerV1.subscriptionActive
FNDA:1,RandomnessManagerV1.subscriptionActive
DA:82,1
BRDA:82,0,0,-
BRDA:82,0,1,2
DA:86,1
FN:86,RandomnessManagerV1.subscriptionInactive
FNDA:1,RandomnessManagerV1.subscriptionInactive
DA:87,1
BRDA:87,1,0,-
BRDA:87,1,1,1
DA:108,12
FN:108,RandomnessManagerV1.constructor
FNDA:12,RandomnessManagerV1.constructor
DA:109,12
DA:110,12
DA:113,12
DA:116,12
DA:118,12
DA:127,4
FN:127,RandomnessManagerV1.requestRandomWords
FNDA:4,RandomnessManagerV1.requestRandomWords
DA:128,3
BRDA:128,2,0,1
BRDA:128,2,1,2
DA:130,2
DA:143,2
DA:150,2
DA:160,1
FN:160,RandomnessManagerV1.fulfillRandomWords
FNDA:1,RandomnessManagerV1.fulfillRandomWords
DA:161,1
BRDA:161,3,0,-
BRDA:161,3,1,1
DA:162,1
BRDA:162,4,0,-
BRDA:162,4,1,1
DA:163,1
DA:164,1
DA:165,1
DA:175,3
FN:175,RandomnessManagerV1.getRandomWords
FNDA:3,RandomnessManagerV1.getRandomWords
DA:176,2
BRDA:176,5,0,-
BRDA:176,5,1,2
DA:177,2
BRDA:177,6,0,1
BRDA:177,6,1,1
DA:178,1
DA:186,0
FN:186,RandomnessManagerV1.isRequestFulfilled
FNDA:0,RandomnessManagerV1.isRequestFulfilled
DA:187,0
DA:197,2
FN:197,RandomnessManagerV1.fundSubscriptionWithLink
FNDA:2,RandomnessManagerV1.fundSubscriptionWithLink
DA:200,2
DA:203,2
DA:208,2
DA:216,2
FN:216,RandomnessManagerV1.fundSubscriptionWithNative
FNDA:2,RandomnessManagerV1.fundSubscriptionWithNative
DA:217,2
BRDA:217,7,0,-
BRDA:217,7,1,2
DA:219,2
DA:223,2
DA:232,3
FN:232,RandomnessManagerV1.fundSubscription
FNDA:3,RandomnessManagerV1.fundSubscription
DA:233,1
BRDA:233,8,0,1
BRDA:233,8,1,1
DA:234,1
DA:236,1
DA:246,2
FN:246,RandomnessManagerV1.addConsumer
FNDA:2,RandomnessManagerV1.addConsumer
DA:248,1
DA:249,1
DA:258,2
FN:258,RandomnessManagerV1.removeConsumer
FNDA:2,RandomnessManagerV1.removeConsumer
DA:260,1
DA:261,1
DA:269,2
FN:269,RandomnessManagerV1.createSubscription
FNDA:2,RandomnessManagerV1.createSubscription
DA:270,1
BRDA:270,9,0,-
BRDA:270,9,1,1
DA:272,1
DA:273,1
DA:282,2
FN:282,RandomnessManagerV1.cancelSubscription
FNDA:2,RandomnessManagerV1.cancelSubscription
DA:283,1
BRDA:283,10,0,-
BRDA:283,10,1,1
DA:285,1
DA:286,1
DA:287,1
DA:296,2
FN:296,RandomnessManagerV1.setKeyHash
FNDA:2,RandomnessManagerV1.setKeyHash
DA:297,1
DA:306,2
FN:306,RandomnessManagerV1.setCallbackGasLimit
FNDA:2,RandomnessManagerV1.setCallbackGasLimit
DA:307,1
DA:316,2
FN:316,RandomnessManagerV1.setRequestConfirmations
FNDA:2,RandomnessManagerV1.setRequestConfirmations
DA:317,1
DA:326,5
FN:326,RandomnessManagerV1.setNativePayment
FNDA:5,RandomnessManagerV1.setNativePayment
DA:327,4
DA:336,2
FN:336,RandomnessManagerV1.setLinkTokenContract
FNDA:2,RandomnessManagerV1.setLinkTokenContract
DA:337,1
DA:346,2
FN:346,RandomnessManagerV1.withdraw
FNDA:2,RandomnessManagerV1.withdraw
DA:347,1
DA:354,0
FN:354,RandomnessManagerV1.supportsInterface
FNDA:0,RandomnessManagerV1.supportsInterface
DA:355,0
FNF:21
FNH:19
LF:68
LH:64
BRF:22
BRH:14
end_of_record
TN:
SF:test/mocks/LinkToken.mock.sol
DA:7,2
FN:7,LinkTokenMock.transferFrom
FNDA:2,LinkTokenMock.transferFrom
DA:8,2
BRDA:8,0,0,-
BRDA:8,0,1,2
DA:9,2
BRDA:9,1,0,-
BRDA:9,1,1,2
DA:10,2
DA:11,2
DA:12,2
DA:13,2
DA:15,2
FN:15,LinkTokenMock.transferAndCall
FNDA:2,LinkTokenMock.transferAndCall
DA:16,2
BRDA:16,2,0,-
BRDA:16,2,1,2
DA:17,2
DA:18,2
DA:19,2
DA:21,1
FN:21,LinkTokenMock.transfer
FNDA:1,LinkTokenMock.transfer
DA:22,1
BRDA:22,3,0,-
BRDA:22,3,1,1
DA:23,1
DA:24,1
DA:25,1
DA:27,4
FN:27,LinkTokenMock.mint
FNDA:4,LinkTokenMock.mint
DA:28,4
DA:31,2
FN:31,LinkTokenMock.approve
FNDA:2,LinkTokenMock.approve
DA:32,2
FNF:5
FNH:5
LF:21
LH:21
BRF:8
BRH:4
end_of_record
TN:
SF:test/mocks/RandomnessManagerV1.mock.sol
DA:18,533
FN:18,RandomnessManagerV1Mock.requestRandomWords
FNDA:533,RandomnessManagerV1Mock.requestRandomWords
DA:21,533
DA:22,533
DA:28,533
DA:38,267
FN:38,RandomnessManagerV1Mock.fulfillRandomWords
FNDA:267,RandomnessManagerV1Mock.fulfillRandomWords
DA:42,267
DA:43,267
DA:44,267
DA:54,266
FN:54,RandomnessManagerV1Mock.getRandomWords
FNDA:266,RandomnessManagerV1Mock.getRandomWords
DA:57,266
DA:60,286
FN:60,RandomnessManagerV1Mock.supportsInterface
FNDA:286,RandomnessManagerV1Mock.supportsInterface
DA:63,286
DA:66,267
FN:66,RandomnessManagerV1Mock.isRequestFulfilled
FNDA:267,RandomnessManagerV1Mock.isRequestFulfilled
DA:69,267
DA:72,267
FN:72,RandomnessManagerV1Mock.rawFulfillRandomWords
FNDA:267,RandomnessManagerV1Mock.rawFulfillRandomWords
DA:73,267
FNF:6
FNH:6
LF:16
LH:16
BRF:0
BRH:0
end_of_record
TN:
SF:test/mocks/VRFCoordinatorV2Plus.mock.sol
DA:19,13
FN:19,VRFCoordinatorV2PlusMock.createSubscription
FNDA:13,VRFCoordinatorV2PlusMock.createSubscription
DA:20,13
DA:22,13
FN:22,VRFCoordinatorV2PlusMock.addConsumer
FNDA:13,VRFCoordinatorV2PlusMock.addConsumer
DA:23,13
DA:25,1
FN:25,VRFCoordinatorV2PlusMock.removeConsumer
FNDA:1,VRFCoordinatorV2PlusMock.removeConsumer
DA:26,1
DA:28,1
FN:28,VRFCoordinatorV2PlusMock.cancelSubscription
FNDA:1,VRFCoordinatorV2PlusMock.cancelSubscription
DA:29,1
DA:30,1
DA:32,2
FN:32,VRFCoordinatorV2PlusMock.fundSubscriptionWithNative
FNDA:2,VRFCoordinatorV2PlusMock.fundSubscriptionWithNative
DA:33,2
DA:34,2
DA:36,2
FN:36,VRFCoordinatorV2PlusMock.requestRandomWords
FNDA:2,VRFCoordinatorV2PlusMock.requestRandomWords
DA:40,2
FNF:6
FNH:6
LF:14
LH:14
BRF:0
BRH:0
end_of_record
